
/home/runner/work/exp-session-management-dei/exp-session-management-dei/experiment/simulation/js/app.js
   51:32  warning  'DataStore' is not defined          no-undef
   54:32  warning  'LogEngine' is not defined          no-undef
   57:32  warning  'NFManager' is not defined          no-undef
   60:40  warning  'ConnectionManager' is not defined  no-undef
   63:33  warning  'BusManager' is not defined         no-undef
   66:34  warning  'PingManager' is not defined        no-undef
   69:37  warning  'CanvasRenderer' is not defined     no-undef
   72:35  warning  'UIController' is not defined       no-undef
  105:37  warning  'SessionManager' is not defined     no-undef
  108:37  warning  'PacketAnimator' is not defined     no-undef
  112:39  warning  'MessageInspector' is not defined   no-undef

/home/runner/work/exp-session-management-dei/exp-session-management-dei/experiment/simulation/js/bus-manager.js
  8:7  warning  'BusManager' is defined but never used  no-unused-vars

/home/runner/work/exp-session-management-dei/exp-session-management-dei/experiment/simulation/js/canvas-renderer.js
   15:7   warning  'CanvasRenderer' is defined but never used  no-unused-vars
  649:19  warning  'e' is defined but never used               no-unused-vars

/home/runner/work/exp-session-management-dei/exp-session-management-dei/experiment/simulation/js/connection-manager.js
  15:7  warning  'ConnectionManager' is defined but never used  no-unused-vars

/home/runner/work/exp-session-management-dei/exp-session-management-dei/experiment/simulation/js/data-store.js
  15:7  warning  'DataStore' is defined but never used  no-unused-vars

/home/runner/work/exp-session-management-dei/exp-session-management-dei/experiment/simulation/js/docker.js
  1060:15  warning  'totalNFs' is assigned a value but never used        no-unused-vars
  1061:15  warning  'alreadyRunning' is assigned a value but never used  no-unused-vars
  1489:29  warning  'index' is defined but never used                    no-unused-vars
  1726:23  warning  'mapped' is assigned a value but never used          no-unused-vars
  2342:25  warning  'terminalModal' is defined but never used            no-unused-vars

/home/runner/work/exp-session-management-dei/exp-session-management-dei/experiment/simulation/js/log-engine.js
   15:7   warning  'LogEngine' is defined but never used                 no-unused-vars
  463:15  warning  'ranUENGAPId' is assigned a value but never used      no-unused-vars
  464:15  warning  'amfUENGAPId' is assigned a value but never used      no-unused-vars
  613:15  warning  'teidGNB' is assigned a value but never used          no-unused-vars
  614:15  warning  'teidUPF' is assigned a value but never used          no-unused-vars
  615:15  warning  'sequenceNum' is assigned a value but never used      no-unused-vars
  671:19  warning  'totalThroughput' is assigned a value but never used  no-unused-vars

/home/runner/work/exp-session-management-dei/exp-session-management-dei/experiment/simulation/js/message-inspector.js
  146:15  warning  'nfId' is assigned a value but never used         no-unused-vars
  150:13  warning  'messageData' is assigned a value but never used  no-unused-vars

/home/runner/work/exp-session-management-dei/exp-session-management-dei/experiment/simulation/js/nf-manager.js
  15:7  warning  'NFManager' is defined but never used  no-unused-vars

/home/runner/work/exp-session-management-dei/exp-session-management-dei/experiment/simulation/js/ping-manager.js
   14:7   warning  'PingManager' is defined but never used      no-unused-vars
  425:21  warning  'pingId' is assigned a value but never used  no-unused-vars

/home/runner/work/exp-session-management-dei/exp-session-management-dei/experiment/simulation/js/ui-controller.js
    16:7   warning  'UIController' is defined but never used          no-unused-vars
   106:15  warning  'closeBtn' is assigned a value but never used     no-unused-vars
   371:48  warning  'data' is defined but never used                  no-unused-vars
   773:15  warning  'nfDef' is assigned a value but never used        no-unused-vars
   777:15  warning  'defaultName' is assigned a value but never used  no-unused-vars
  1474:36  warning  'nfType' is defined but never used                no-unused-vars
  2701:15  warning  'lcpFn' is assigned a value but never used        no-unused-vars
  3454:15  warning  'cmd' is assigned a value but never used          no-unused-vars
  3750:5   warning  Duplicate name 'delay'                            no-dupe-class-members
  4269:17  warning  Unexpected lexical declaration in case block      no-case-declarations
  4285:17  warning  Unexpected lexical declaration in case block      no-case-declarations
  4302:17  warning  Unexpected lexical declaration in case block      no-case-declarations
  4321:17  warning  Unexpected lexical declaration in case block      no-case-declarations
  4336:17  warning  Unexpected lexical declaration in case block      no-case-declarations
  4352:17  warning  Unexpected lexical declaration in case block      no-case-declarations
  4370:17  warning  Unexpected lexical declaration in case block      no-case-declarations

✖ 49 problems (0 errors, 49 warnings)

